{
  "profileName": "Chatbot_demo",
  "jobId": "dfd95d60-9e6a-46d5-8e7e-d4ce9fa1ae69",
  "projectId": "49471.07061292786",
  "time": "2022-05-24T03:52:01.038Z",
  "log": [
    "Creating Azure resources...",
    "Checking the Existence of the Resource Group ...",
    "Creating Resource Group ...",
    "> Creating App Registration ...",
    "Start to add password for App, Id : 199f8209-765f-40b5-8bfb-22afb06d00db",
    "> Create App Registration Success! ID: 199f8209-765f-40b5-8bfb-22afb06d00db",
    "Deploying Web App Resource ...",
    "Deploying Bot Resource ...",
    "Deploying Cosmos DB Resource ...",
    "{\"stack\":\"Error: The subscription is not registered to use namespace 'Microsoft.DocumentDB'. See https://aka.ms/rps-not-found for how to register subscriptions.\\n    at new RestError2 (C:\\\\Users\\\\bajay\\\\AppData\\\\Local\\\\Programs\\\\Bot Framework Composer\\\\resources\\\\app.asar.unpacked\\\\extensions\\\\azurePublish\\\\dist\\\\extension.js:180915:26)\\n    at C:\\\\Users\\\\bajay\\\\AppData\\\\Local\\\\Programs\\\\Bot Framework Composer\\\\resources\\\\app.asar.unpacked\\\\extensions\\\\azurePublish\\\\dist\\\\extension.js:181850:27\\n    at async AzureResourceMananger.deployCosmosDBResource (C:\\\\Users\\\\bajay\\\\AppData\\\\Local\\\\Programs\\\\Bot Framework Composer\\\\resources\\\\app.asar.unpacked\\\\extensions\\\\azurePublish\\\\dist\\\\extension.js:277545:37)\\n    at async BotProjectProvision.create (C:\\\\Users\\\\bajay\\\\AppData\\\\Local\\\\Programs\\\\Bot Framework Composer\\\\resources\\\\app.asar.unpacked\\\\extensions\\\\azurePublish\\\\dist\\\\extension.js:278091:41)\\n    at async AzurePublisher.asyncProvision (C:\\\\Users\\\\bajay\\\\AppData\\\\Local\\\\Programs\\\\Bot Framework Composer\\\\resources\\\\app.asar.unpacked\\\\extensions\\\\azurePublish\\\\dist\\\\extension.js:278539:34)\",\"message\":\"The subscription is not registered to use namespace 'Microsoft.DocumentDB'. See https://aka.ms/rps-not-found for how to register subscriptions.\",\"code\":\"MissingSubscriptionRegistration\",\"statusCode\":409,\"request\":{\"body\":\"{\\\"location\\\":\\\"centralus\\\",\\\"properties\\\":{\\\"locations\\\":[{\\\"locationName\\\":\\\"centralus\\\",\\\"failoverPriority\\\":0}],\\\"databaseAccountOfferType\\\":\\\"Standard\\\"}}\"},\"response\":{\"body\":\"{\\\"error\\\":{\\\"code\\\":\\\"MissingSubscriptionRegistration\\\",\\\"message\\\":\\\"The subscription is not registered to use namespace 'Microsoft.DocumentDB'. See https://aka.ms/rps-not-found for how to register subscriptions.\\\",\\\"details\\\":[{\\\"code\\\":\\\"MissingSubscriptionRegistration\\\",\\\"target\\\":\\\"Microsoft.DocumentDB\\\",\\\"message\\\":\\\"The subscription is not registered to use namespace 'Microsoft.DocumentDB'. See https://aka.ms/rps-not-found for how to register subscriptions.\\\"}]}}\"},\"body\":{\"message\":\"The subscription is not registered to use namespace 'Microsoft.DocumentDB'. See https://aka.ms/rps-not-found for how to register subscriptions.\",\"code\":\"MissingSubscriptionRegistration\"}}",
    "{\"name\":\"CREATE_COSMOSDB_ERROR\",\"message\":\"Error - The subscription is not registered to use namespace 'Microsoft.DocumentDB'. See https://aka.ms/rps-not-found for how to register subscriptions.\",\"stack\":\"Error\\n    at new CustomizeError (C:\\\\Users\\\\bajay\\\\AppData\\\\Local\\\\Programs\\\\Bot Framework Composer\\\\resources\\\\app.asar.unpacked\\\\extensions\\\\azurePublish\\\\dist\\\\extension.js:276418:25)\\n    at createCustomizeError (C:\\\\Users\\\\bajay\\\\AppData\\\\Local\\\\Programs\\\\Bot Framework Composer\\\\resources\\\\app.asar.unpacked\\\\extensions\\\\azurePublish\\\\dist\\\\extension.js:276423:10)\\n    at AzureResourceMananger.deployCosmosDBResource (C:\\\\Users\\\\bajay\\\\AppData\\\\Local\\\\Programs\\\\Bot Framework Composer\\\\resources\\\\app.asar.unpacked\\\\extensions\\\\azurePublish\\\\dist\\\\extension.js:277631:13)\"}",
    "Provisioning completed 3 items before encountering a problem. {\"name\":\"CREATE_COSMOSDB_ERROR\",\"message\":\"Error - The subscription is not registered to use namespace 'Microsoft.DocumentDB'. See https://aka.ms/rps-not-found for how to register subscriptions.\",\"stack\":\"Error\\n    at new CustomizeError (C:\\\\Users\\\\bajay\\\\AppData\\\\Local\\\\Programs\\\\Bot Framework Composer\\\\resources\\\\app.asar.unpacked\\\\extensions\\\\azurePublish\\\\dist\\\\extension.js:276418:25)\\n    at createCustomizeError (C:\\\\Users\\\\bajay\\\\AppData\\\\Local\\\\Programs\\\\Bot Framework Composer\\\\resources\\\\app.asar.unpacked\\\\extensions\\\\azurePublish\\\\dist\\\\extension.js:276423:10)\\n    at AzureResourceMananger.deployCosmosDBResource (C:\\\\Users\\\\bajay\\\\AppData\\\\Local\\\\Programs\\\\Bot Framework Composer\\\\resources\\\\app.asar.unpacked\\\\extensions\\\\azurePublish\\\\dist\\\\extension.js:277631:13)\"}. See provision.Chatbot_demo.log in your bot folder"
  ]
}
